-------------------------------------------------------------------------------
Test set: fatjdbc.SimpleIntegTest
-------------------------------------------------------------------------------
Tests run: 9, Failures: 0, Errors: 1, Skipped: 4, Time elapsed: 2.067 sec <<< FAILURE!
simpleQueryOnNonDefaultQuery(fatjdbc.SimpleIntegTest)  Time elapsed: 0.57 sec  <<< ERROR!
java.sql.SQLException: Error while executing SQL "select * from views.public.web_site_partition": Schema "VIEWS" not found; SQL statement:
SELECT * FROM "VIEWS"."PUBLIC"."WEB_SITE_PARTITION" [90079-187]
	at org.apache.calcite.avatica.Helper.createException(Helper.java:56)
	at org.apache.calcite.avatica.Helper.createException(Helper.java:41)
	at org.apache.calcite.avatica.AvaticaStatement.executeInternal(AvaticaStatement.java:163)
	at org.apache.calcite.avatica.AvaticaStatement.executeQuery(AvaticaStatement.java:227)
	at fatjdbc.SimpleIntegTest.simpleQueryOnNonDefaultQuery(SimpleIntegTest.java:123)
	at java.base/jdk.internal.reflect.NativeMethodAccessorImpl.invoke0(Native Method)
	at java.base/jdk.internal.reflect.NativeMethodAccessorImpl.invoke(NativeMethodAccessorImpl.java:62)
	at java.base/jdk.internal.reflect.DelegatingMethodAccessorImpl.invoke(DelegatingMethodAccessorImpl.java:43)
	at java.base/java.lang.reflect.Method.invoke(Method.java:564)
	at org.junit.runners.model.FrameworkMethod$1.runReflectiveCall(FrameworkMethod.java:47)
	at org.junit.internal.runners.model.ReflectiveCallable.run(ReflectiveCallable.java:12)
	at org.junit.runners.model.FrameworkMethod.invokeExplosively(FrameworkMethod.java:44)
	at org.junit.internal.runners.statements.InvokeMethod.evaluate(InvokeMethod.java:17)
	at org.junit.runners.ParentRunner.runLeaf(ParentRunner.java:271)
	at org.junit.runners.BlockJUnit4ClassRunner.runChild(BlockJUnit4ClassRunner.java:70)
	at org.junit.runners.BlockJUnit4ClassRunner.runChild(BlockJUnit4ClassRunner.java:50)
	at org.junit.runners.ParentRunner$3.run(ParentRunner.java:238)
	at org.junit.runners.ParentRunner$1.schedule(ParentRunner.java:63)
	at org.junit.runners.ParentRunner.runChildren(ParentRunner.java:236)
	at org.junit.runners.ParentRunner.access$000(ParentRunner.java:53)
	at org.junit.runners.ParentRunner$2.evaluate(ParentRunner.java:229)
	at org.junit.internal.runners.statements.RunBefores.evaluate(RunBefores.java:26)
	at org.junit.runners.ParentRunner.run(ParentRunner.java:309)
	at org.apache.maven.surefire.junit4.JUnit4Provider.execute(JUnit4Provider.java:252)
	at org.apache.maven.surefire.junit4.JUnit4Provider.executeTestSet(JUnit4Provider.java:141)
	at org.apache.maven.surefire.junit4.JUnit4Provider.invoke(JUnit4Provider.java:112)
	at java.base/jdk.internal.reflect.NativeMethodAccessorImpl.invoke0(Native Method)
	at java.base/jdk.internal.reflect.NativeMethodAccessorImpl.invoke(NativeMethodAccessorImpl.java:62)
	at java.base/jdk.internal.reflect.DelegatingMethodAccessorImpl.invoke(DelegatingMethodAccessorImpl.java:43)
	at java.base/java.lang.reflect.Method.invoke(Method.java:564)
	at org.apache.maven.surefire.util.ReflectionUtils.invokeMethodWithArray(ReflectionUtils.java:189)
	at org.apache.maven.surefire.booter.ProviderFactory$ProviderProxy.invoke(ProviderFactory.java:165)
	at org.apache.maven.surefire.booter.ProviderFactory.invokeProvider(ProviderFactory.java:85)
	at org.apache.maven.surefire.booter.ForkedBooter.runSuitesInProcess(ForkedBooter.java:115)
	at org.apache.maven.surefire.booter.ForkedBooter.main(ForkedBooter.java:75)
Caused by: java.lang.RuntimeException: Schema "VIEWS" not found; SQL statement:
SELECT * FROM "VIEWS"."PUBLIC"."WEB_SITE_PARTITION" [90079-187]
	at fatjdbc.PrivacyMetaImpl.propagate(PrivacyMetaImpl.java:1102)
	at fatjdbc.PrivacyMetaImpl.prepareAndExecute(PrivacyMetaImpl.java:472)
	at org.apache.calcite.avatica.AvaticaConnection.prepareAndExecuteInternal(AvaticaConnection.java:675)
	at org.apache.calcite.avatica.AvaticaStatement.executeInternal(AvaticaStatement.java:156)
	... 32 more

