<?xml version="1.0" encoding="UTF-8" ?>
<testsuite tests="2" failures="0" name="fatjdbc.ConnectionTest" time="0.676" errors="1" skipped="0">
  <properties>
[...]
</properties>
  <testcase classname="fatjdbc.ConnectionTest" name="testValid" time="0.676">
    <error message="Error while executing SQL &quot;select * from h2.public.warehouse as wr where wr.w_warehouse_sq_ft &gt; 200&quot;: Schema &quot;H2&quot; not found; SQL statement:
select * from h2.public.warehouse as wr where wr.w_warehouse_sq_ft &gt; 200 [90079-140]" type="java.sql.SQLException">java.sql.SQLException: Error while executing SQL &quot;select * from h2.public.warehouse as wr where wr.w_warehouse_sq_ft &gt; 200&quot;: Schema &quot;H2&quot; not found; SQL statement:
select * from h2.public.warehouse as wr where wr.w_warehouse_sq_ft &gt; 200 [90079-140]
	at org.apache.calcite.avatica.Helper.createException(Helper.java:56)
	at org.apache.calcite.avatica.Helper.createException(Helper.java:41)
	at org.apache.calcite.avatica.AvaticaStatement.executeInternal(AvaticaStatement.java:163)
	at org.apache.calcite.avatica.AvaticaStatement.executeQuery(AvaticaStatement.java:227)
	at fatjdbc.ConnectionTest.testValidImpl(ConnectionTest.java:71)
	at fatjdbc.ConnectionTest.testValid(ConnectionTest.java:94)
	at java.base/jdk.internal.reflect.NativeMethodAccessorImpl.invoke0(Native Method)
	at java.base/jdk.internal.reflect.NativeMethodAccessorImpl.invoke(NativeMethodAccessorImpl.java:62)
	at java.base/jdk.internal.reflect.DelegatingMethodAccessorImpl.invoke(DelegatingMethodAccessorImpl.java:43)
	at java.base/java.lang.reflect.Method.invoke(Method.java:564)
	at org.junit.runners.model.FrameworkMethod$1.runReflectiveCall(FrameworkMethod.java:47)
	at org.junit.internal.runners.model.ReflectiveCallable.run(ReflectiveCallable.java:12)
	at org.junit.runners.model.FrameworkMethod.invokeExplosively(FrameworkMethod.java:44)
	at org.junit.internal.runners.statements.InvokeMethod.evaluate(InvokeMethod.java:17)
	at org.junit.runners.ParentRunner.runLeaf(ParentRunner.java:271)
	at org.junit.runners.BlockJUnit4ClassRunner.runChild(BlockJUnit4ClassRunner.java:70)
	at org.junit.runners.BlockJUnit4ClassRunner.runChild(BlockJUnit4ClassRunner.java:50)
	at org.junit.runners.ParentRunner$3.run(ParentRunner.java:238)
	at org.junit.runners.ParentRunner$1.schedule(ParentRunner.java:63)
	at org.junit.runners.ParentRunner.runChildren(ParentRunner.java:236)
	at org.junit.runners.ParentRunner.access$000(ParentRunner.java:53)
	at org.junit.runners.ParentRunner$2.evaluate(ParentRunner.java:229)
	at org.junit.internal.runners.statements.RunBefores.evaluate(RunBefores.java:26)
	at org.junit.runners.ParentRunner.run(ParentRunner.java:309)
	at org.apache.maven.surefire.junit4.JUnit4Provider.execute(JUnit4Provider.java:252)
	at org.apache.maven.surefire.junit4.JUnit4Provider.executeTestSet(JUnit4Provider.java:141)
	at org.apache.maven.surefire.junit4.JUnit4Provider.invoke(JUnit4Provider.java:112)
	at java.base/jdk.internal.reflect.NativeMethodAccessorImpl.invoke0(Native Method)
	at java.base/jdk.internal.reflect.NativeMethodAccessorImpl.invoke(NativeMethodAccessorImpl.java:62)
	at java.base/jdk.internal.reflect.DelegatingMethodAccessorImpl.invoke(DelegatingMethodAccessorImpl.java:43)
	at java.base/java.lang.reflect.Method.invoke(Method.java:564)
	at org.apache.maven.surefire.util.ReflectionUtils.invokeMethodWithArray(ReflectionUtils.java:189)
	at org.apache.maven.surefire.booter.ProviderFactory$ProviderProxy.invoke(ProviderFactory.java:165)
	at org.apache.maven.surefire.booter.ProviderFactory.invokeProvider(ProviderFactory.java:85)
	at org.apache.maven.surefire.booter.ForkedBooter.runSuitesInProcess(ForkedBooter.java:115)
	at org.apache.maven.surefire.booter.ForkedBooter.main(ForkedBooter.java:75)
Caused by: java.lang.RuntimeException: Schema &quot;H2&quot; not found; SQL statement:
select * from h2.public.warehouse as wr where wr.w_warehouse_sq_ft &gt; 200 [90079-140]
	at fatjdbc.PrivacyMetaImpl.propagate(PrivacyMetaImpl.java:1050)
	at fatjdbc.PrivacyMetaImpl.prepareAndExecute(PrivacyMetaImpl.java:420)
	at org.apache.calcite.avatica.AvaticaConnection.prepareAndExecuteInternal(AvaticaConnection.java:675)
	at org.apache.calcite.avatica.AvaticaStatement.executeInternal(AvaticaStatement.java:156)
	... 33 more
</error>
    <system-out>Value = file:/Users/michaelchang/privacy_proxy/target/test-classes/tpcds.sql
Value = file:/Users/michaelchang/privacy_proxy/target/test-classes/tpcds_cubes.sql
Value = file:/Users/michaelchang/privacy_proxy/target/test-classes/tpcds_views.sql
establishing connection
inside privacy meta impl
connection established
Creating statement in privacymetimpl
fatjdbc.PrivacyConnectionImpl@2a62b5bc
statement created
in prepareAndExecute2 in privacymetaimpl
inside callback
cleared callback
inside constructor
inside query context
inside schema factory class
inside privacy factory
finished parsing
adding root schema
trying to initialize
class plugin.jdbc.H2Db
get schemas
getting connections
Creating statement
executing query
getting schema from result set query
finished building
iterating through rs
PUBLIC
about to finish building
get schema fromm result set
Trying to initialize2initializing root schema
data source schema
in query context
Parsing in privacyparser
parsing sql
Executing inside Plan Executor
Executing queries inside PrivacyQueryExecutor
</system-out>
    <system-err>log4j:WARN No appenders could be found for logger (plugin.jdbc.JdbcDB).
log4j:WARN Please initialize the log4j system properly.
log4j:WARN See http://logging.apache.org/log4j/1.2/faq.html#noconfig for more info.
</system-err>
  </testcase>
  <testcase classname="fatjdbc.ConnectionTest" name="testEmptyDataSources" time="0"/>
</testsuite>